<?xml version="1.0" encoding="UTF-8"?>
<!-- Generated by org.testng.reporters.JUnitReportReporter -->
<testsuite hostname="LAPTOP-IK8VGAHU" failures="0" tests="1" name="tests.Login" time="6.987" errors="0" timestamp="2023-08-24T23:57:41 IST" skipped="0">
  <testcase classname="tests.Login" name="testLogin" time="6.987"/>
  <system-out/>
</testsuite> <!-- tests.Login -->
